2022-02-02 20:22:15,593 CRIT Supervisor is running as root.  Privileges were not dropped because no user is specified in the config file.  If you intend to run as root, you can set user=root in the config file to avoid this message.
2022-02-02 20:22:15,595 INFO supervisord started with pid 1
2022-02-02 20:22:16,598 INFO spawned: 'nginx_00' with pid 7
2022-02-02 20:22:16,599 INFO spawnerr: can't find command 'php-fpm8'
2022-02-02 20:22:17,600 INFO success: nginx_00 entered RUNNING state, process has stayed up for > than 0 seconds (startsecs)
2022-02-02 20:22:17,600 INFO spawnerr: can't find command 'php-fpm8'
2022-02-02 20:22:19,603 INFO spawnerr: can't find command 'php-fpm8'
2022-02-02 20:22:22,608 INFO spawnerr: can't find command 'php-fpm8'
2022-02-02 20:22:22,608 INFO gave up: php-fpm_00 entered FATAL state, too many start retries too quickly
2022-02-02 20:26:37,919 WARN received SIGQUIT indicating exit request
2022-02-02 20:26:37,919 INFO waiting for nginx_00 to die
2022-02-02 20:26:39,068 INFO stopped: nginx_00 (exit status 0)
2022-02-02 20:26:40,949 CRIT Supervisor is running as root.  Privileges were not dropped because no user is specified in the config file.  If you intend to run as root, you can set user=root in the config file to avoid this message.
2022-02-02 20:26:40,952 INFO supervisord started with pid 1
2022-02-02 20:26:41,955 INFO spawned: 'nginx_00' with pid 8
2022-02-02 20:26:41,956 INFO spawned: 'php-fpm_00' with pid 9
2022-02-02 20:26:41,975 INFO success: nginx_00 entered RUNNING state, process has stayed up for > than 0 seconds (startsecs)
2022-02-02 20:26:41,975 INFO success: php-fpm_00 entered RUNNING state, process has stayed up for > than 0 seconds (startsecs)
2022-02-02 20:41:15,104 WARN received SIGQUIT indicating exit request
2022-02-02 20:41:15,104 INFO waiting for nginx_00, php-fpm_00 to die
2022-02-02 20:41:15,109 INFO stopped: php-fpm_00 (exit status 0)
2022-02-02 20:41:15,238 INFO stopped: nginx_00 (exit status 0)
2022-02-02 20:41:17,307 CRIT Supervisor is running as root.  Privileges were not dropped because no user is specified in the config file.  If you intend to run as root, you can set user=root in the config file to avoid this message.
2022-02-02 20:41:17,309 INFO supervisord started with pid 1
2022-02-02 20:41:18,312 INFO spawned: 'nginx_00' with pid 8
2022-02-02 20:41:18,313 INFO spawned: 'php-fpm_00' with pid 9
2022-02-02 20:41:18,331 INFO success: nginx_00 entered RUNNING state, process has stayed up for > than 0 seconds (startsecs)
2022-02-02 20:41:18,331 INFO success: php-fpm_00 entered RUNNING state, process has stayed up for > than 0 seconds (startsecs)
2022-02-02 20:52:16,561 WARN received SIGQUIT indicating exit request
2022-02-02 20:52:16,562 INFO waiting for nginx_00, php-fpm_00 to die
2022-02-02 20:52:16,565 INFO stopped: php-fpm_00 (exit status 0)
2022-02-02 20:52:16,728 INFO stopped: nginx_00 (exit status 0)
2022-02-04 20:10:04,692 CRIT Supervisor is running as root.  Privileges were not dropped because no user is specified in the config file.  If you intend to run as root, you can set user=root in the config file to avoid this message.
2022-02-04 20:10:04,698 INFO supervisord started with pid 1
2022-02-04 20:10:05,703 INFO spawned: 'nginx_00' with pid 8
2022-02-04 20:10:05,705 INFO spawned: 'php-fpm_00' with pid 9
2022-02-04 20:10:05,794 INFO success: nginx_00 entered RUNNING state, process has stayed up for > than 0 seconds (startsecs)
2022-02-04 20:10:05,795 INFO success: php-fpm_00 entered RUNNING state, process has stayed up for > than 0 seconds (startsecs)
2022-02-04 20:39:28,657 WARN received SIGQUIT indicating exit request
2022-02-04 20:39:28,659 INFO waiting for nginx_00, php-fpm_00 to die
2022-02-04 20:39:28,663 INFO stopped: php-fpm_00 (exit status 0)
2022-02-04 20:39:28,857 INFO stopped: nginx_00 (exit status 0)
2022-02-04 20:39:30,809 CRIT Supervisor is running as root.  Privileges were not dropped because no user is specified in the config file.  If you intend to run as root, you can set user=root in the config file to avoid this message.
2022-02-04 20:39:30,811 INFO supervisord started with pid 1
2022-02-04 20:39:31,812 INFO spawned: 'nginx_00' with pid 7
2022-02-04 20:39:31,814 INFO spawned: 'php-fpm_00' with pid 8
2022-02-04 20:39:31,843 INFO success: nginx_00 entered RUNNING state, process has stayed up for > than 0 seconds (startsecs)
2022-02-04 20:39:31,843 INFO success: php-fpm_00 entered RUNNING state, process has stayed up for > than 0 seconds (startsecs)
2022-02-04 20:58:47,453 WARN received SIGQUIT indicating exit request
2022-02-04 20:58:47,455 INFO waiting for nginx_00, php-fpm_00 to die
2022-02-04 20:58:47,464 INFO stopped: php-fpm_00 (exit status 0)
2022-02-04 20:58:47,632 INFO stopped: nginx_00 (exit status 0)
2022-02-04 20:58:49,935 CRIT Supervisor is running as root.  Privileges were not dropped because no user is specified in the config file.  If you intend to run as root, you can set user=root in the config file to avoid this message.
2022-02-04 20:58:49,937 INFO supervisord started with pid 1
2022-02-04 20:58:50,940 INFO spawned: 'nginx_00' with pid 7
2022-02-04 20:58:50,942 INFO spawned: 'php-fpm_00' with pid 8
2022-02-04 20:58:50,972 INFO success: nginx_00 entered RUNNING state, process has stayed up for > than 0 seconds (startsecs)
2022-02-04 20:58:50,972 INFO success: php-fpm_00 entered RUNNING state, process has stayed up for > than 0 seconds (startsecs)
2022-02-04 21:34:02,205 WARN received SIGQUIT indicating exit request
2022-02-04 21:34:02,207 INFO waiting for nginx_00, php-fpm_00 to die
2022-02-04 21:34:02,290 INFO stopped: php-fpm_00 (exit status 0)
2022-02-04 21:34:02,530 INFO stopped: nginx_00 (exit status 0)
2022-02-04 21:34:04,932 CRIT Supervisor is running as root.  Privileges were not dropped because no user is specified in the config file.  If you intend to run as root, you can set user=root in the config file to avoid this message.
2022-02-04 21:34:04,936 INFO supervisord started with pid 1
2022-02-04 21:34:05,939 INFO spawned: 'nginx_00' with pid 8
2022-02-04 21:34:05,941 INFO spawned: 'php-fpm_00' with pid 9
2022-02-04 21:34:05,978 INFO success: nginx_00 entered RUNNING state, process has stayed up for > than 0 seconds (startsecs)
2022-02-04 21:34:05,978 INFO success: php-fpm_00 entered RUNNING state, process has stayed up for > than 0 seconds (startsecs)
2022-02-04 21:36:17,431 WARN received SIGQUIT indicating exit request
2022-02-04 21:36:17,431 INFO waiting for nginx_00, php-fpm_00 to die
2022-02-04 21:36:17,436 INFO stopped: php-fpm_00 (exit status 0)
2022-02-04 21:36:17,569 INFO stopped: nginx_00 (exit status 0)
2022-02-04 21:36:40,701 CRIT Supervisor is running as root.  Privileges were not dropped because no user is specified in the config file.  If you intend to run as root, you can set user=root in the config file to avoid this message.
2022-02-04 21:36:40,703 INFO supervisord started with pid 1
2022-02-04 21:36:41,705 INFO spawned: 'nginx_00' with pid 8
2022-02-04 21:36:41,707 INFO spawned: 'php-fpm_00' with pid 9
2022-02-04 21:36:41,728 INFO success: nginx_00 entered RUNNING state, process has stayed up for > than 0 seconds (startsecs)
2022-02-04 21:36:41,728 INFO success: php-fpm_00 entered RUNNING state, process has stayed up for > than 0 seconds (startsecs)
2022-02-04 21:39:05,323 WARN received SIGQUIT indicating exit request
2022-02-04 21:39:05,323 INFO waiting for nginx_00, php-fpm_00 to die
2022-02-04 21:39:05,329 INFO stopped: php-fpm_00 (exit status 0)
2022-02-04 21:39:05,450 INFO stopped: nginx_00 (exit status 0)
2022-02-04 21:39:33,399 CRIT Supervisor is running as root.  Privileges were not dropped because no user is specified in the config file.  If you intend to run as root, you can set user=root in the config file to avoid this message.
2022-02-04 21:39:33,402 INFO supervisord started with pid 1
2022-02-04 21:39:34,404 INFO spawned: 'nginx_00' with pid 7
2022-02-04 21:39:34,406 INFO spawned: 'php-fpm_00' with pid 8
2022-02-04 21:39:34,442 INFO success: nginx_00 entered RUNNING state, process has stayed up for > than 0 seconds (startsecs)
2022-02-04 21:39:34,442 INFO success: php-fpm_00 entered RUNNING state, process has stayed up for > than 0 seconds (startsecs)
2022-02-04 21:40:28,434 WARN received SIGQUIT indicating exit request
2022-02-04 21:40:28,434 INFO waiting for nginx_00, php-fpm_00 to die
2022-02-04 21:40:28,438 INFO stopped: php-fpm_00 (exit status 0)
2022-02-04 21:40:28,619 INFO stopped: nginx_00 (exit status 0)
2022-02-04 21:40:54,818 CRIT Supervisor is running as root.  Privileges were not dropped because no user is specified in the config file.  If you intend to run as root, you can set user=root in the config file to avoid this message.
2022-02-04 21:40:54,821 INFO supervisord started with pid 1
2022-02-04 21:40:55,823 INFO spawned: 'nginx_00' with pid 8
2022-02-04 21:40:55,825 INFO spawned: 'php-fpm_00' with pid 9
2022-02-04 21:40:55,852 INFO success: nginx_00 entered RUNNING state, process has stayed up for > than 0 seconds (startsecs)
2022-02-04 21:40:55,852 INFO success: php-fpm_00 entered RUNNING state, process has stayed up for > than 0 seconds (startsecs)
2022-02-04 21:41:17,879 WARN received SIGQUIT indicating exit request
2022-02-04 21:41:17,879 INFO waiting for nginx_00, php-fpm_00 to die
2022-02-04 21:41:17,893 INFO stopped: php-fpm_00 (exit status 0)
2022-02-04 21:41:18,050 INFO stopped: nginx_00 (exit status 0)
2022-02-04 21:41:35,672 CRIT Supervisor is running as root.  Privileges were not dropped because no user is specified in the config file.  If you intend to run as root, you can set user=root in the config file to avoid this message.
2022-02-04 21:41:35,675 INFO supervisord started with pid 1
2022-02-04 21:41:36,677 INFO spawned: 'nginx_00' with pid 8
2022-02-04 21:41:36,679 INFO spawned: 'php-fpm_00' with pid 9
2022-02-04 21:41:36,720 INFO success: nginx_00 entered RUNNING state, process has stayed up for > than 0 seconds (startsecs)
2022-02-04 21:41:36,720 INFO success: php-fpm_00 entered RUNNING state, process has stayed up for > than 0 seconds (startsecs)
2022-02-04 21:55:06,430 WARN received SIGQUIT indicating exit request
2022-02-04 21:55:06,431 INFO waiting for nginx_00, php-fpm_00 to die
2022-02-04 21:55:06,444 INFO stopped: php-fpm_00 (exit status 0)
2022-02-04 21:55:06,570 INFO stopped: nginx_00 (exit status 0)
2022-02-04 22:26:28,503 CRIT Supervisor is running as root.  Privileges were not dropped because no user is specified in the config file.  If you intend to run as root, you can set user=root in the config file to avoid this message.
2022-02-04 22:26:28,509 INFO supervisord started with pid 1
2022-02-04 22:26:29,520 INFO spawned: 'nginx_00' with pid 7
2022-02-04 22:26:29,524 INFO spawned: 'php-fpm_00' with pid 8
2022-02-04 22:26:29,603 INFO success: nginx_00 entered RUNNING state, process has stayed up for > than 0 seconds (startsecs)
2022-02-04 22:26:29,603 INFO success: php-fpm_00 entered RUNNING state, process has stayed up for > than 0 seconds (startsecs)
2022-02-04 22:28:38,000 WARN received SIGQUIT indicating exit request
2022-02-04 22:28:38,001 INFO waiting for nginx_00, php-fpm_00 to die
2022-02-04 22:28:38,006 INFO stopped: php-fpm_00 (exit status 0)
2022-02-04 22:28:38,160 INFO stopped: nginx_00 (exit status 0)
2022-02-04 22:28:59,344 CRIT Supervisor is running as root.  Privileges were not dropped because no user is specified in the config file.  If you intend to run as root, you can set user=root in the config file to avoid this message.
2022-02-04 22:28:59,349 INFO supervisord started with pid 1
2022-02-04 22:29:00,352 INFO spawned: 'nginx_00' with pid 7
2022-02-04 22:29:00,354 INFO spawned: 'php-fpm_00' with pid 8
2022-02-04 22:29:00,387 INFO success: nginx_00 entered RUNNING state, process has stayed up for > than 0 seconds (startsecs)
2022-02-04 22:29:00,387 INFO success: php-fpm_00 entered RUNNING state, process has stayed up for > than 0 seconds (startsecs)
2022-02-04 22:31:08,823 WARN received SIGQUIT indicating exit request
2022-02-04 22:31:08,824 INFO waiting for nginx_00, php-fpm_00 to die
2022-02-04 22:31:08,828 INFO stopped: php-fpm_00 (exit status 0)
2022-02-04 22:31:09,030 INFO stopped: nginx_00 (exit status 0)
2022-02-04 22:31:16,735 CRIT Supervisor is running as root.  Privileges were not dropped because no user is specified in the config file.  If you intend to run as root, you can set user=root in the config file to avoid this message.
2022-02-04 22:31:16,737 INFO supervisord started with pid 1
2022-02-04 22:31:17,739 INFO spawned: 'nginx_00' with pid 7
2022-02-04 22:31:17,741 INFO spawned: 'php-fpm_00' with pid 8
2022-02-04 22:31:17,765 INFO success: nginx_00 entered RUNNING state, process has stayed up for > than 0 seconds (startsecs)
2022-02-04 22:31:17,765 INFO success: php-fpm_00 entered RUNNING state, process has stayed up for > than 0 seconds (startsecs)
2022-02-04 22:39:33,424 WARN received SIGQUIT indicating exit request
2022-02-04 22:39:33,424 INFO waiting for nginx_00, php-fpm_00 to die
2022-02-04 22:39:33,428 INFO stopped: php-fpm_00 (exit status 0)
2022-02-04 22:39:33,610 INFO stopped: nginx_00 (exit status 0)
2022-02-04 22:39:54,047 CRIT Supervisor is running as root.  Privileges were not dropped because no user is specified in the config file.  If you intend to run as root, you can set user=root in the config file to avoid this message.
2022-02-04 22:39:54,050 INFO supervisord started with pid 1
2022-02-04 22:39:55,052 INFO spawned: 'nginx_00' with pid 8
2022-02-04 22:39:55,054 INFO spawned: 'php-fpm_00' with pid 9
2022-02-04 22:39:55,075 INFO success: nginx_00 entered RUNNING state, process has stayed up for > than 0 seconds (startsecs)
2022-02-04 22:39:55,075 INFO success: php-fpm_00 entered RUNNING state, process has stayed up for > than 0 seconds (startsecs)
2022-02-04 22:42:47,674 WARN received SIGQUIT indicating exit request
2022-02-04 22:42:47,674 INFO waiting for nginx_00, php-fpm_00 to die
2022-02-04 22:42:47,677 INFO stopped: php-fpm_00 (exit status 0)
2022-02-04 22:42:47,819 INFO stopped: nginx_00 (exit status 0)
2022-02-04 22:42:49,753 CRIT Supervisor is running as root.  Privileges were not dropped because no user is specified in the config file.  If you intend to run as root, you can set user=root in the config file to avoid this message.
2022-02-04 22:42:49,756 INFO supervisord started with pid 1
2022-02-04 22:42:50,758 INFO spawned: 'nginx_00' with pid 7
2022-02-04 22:42:50,760 INFO spawned: 'php-fpm_00' with pid 8
2022-02-04 22:42:50,777 INFO success: nginx_00 entered RUNNING state, process has stayed up for > than 0 seconds (startsecs)
2022-02-04 22:42:50,777 INFO success: php-fpm_00 entered RUNNING state, process has stayed up for > than 0 seconds (startsecs)
2022-02-04 22:44:12,870 WARN received SIGQUIT indicating exit request
2022-02-04 22:44:12,870 INFO waiting for nginx_00, php-fpm_00 to die
2022-02-04 22:44:12,874 INFO stopped: php-fpm_00 (exit status 0)
2022-02-04 22:44:13,059 INFO stopped: nginx_00 (exit status 0)
2022-02-04 22:44:14,954 CRIT Supervisor is running as root.  Privileges were not dropped because no user is specified in the config file.  If you intend to run as root, you can set user=root in the config file to avoid this message.
2022-02-04 22:44:14,956 INFO supervisord started with pid 1
2022-02-04 22:44:15,958 INFO spawned: 'nginx_00' with pid 8
2022-02-04 22:44:15,960 INFO spawned: 'php-fpm_00' with pid 9
2022-02-04 22:44:15,979 INFO success: nginx_00 entered RUNNING state, process has stayed up for > than 0 seconds (startsecs)
2022-02-04 22:44:15,979 INFO success: php-fpm_00 entered RUNNING state, process has stayed up for > than 0 seconds (startsecs)
